0 info it worked if it ends with ok
1 verbose cli [ 'C:\\Program Files\\nodejs\\\\node.exe',
1 verbose cli   'C:\\Program Files\\nodejs\\node_modules\\npm\\bin\\npm-cli.js',
1 verbose cli   'publish',
1 verbose cli   '.' ]
2 info using npm@1.2.0
3 info using node@v0.8.17
4 verbose node symlink C:\Program Files\nodejs\\node.exe
5 verbose publish [ '.' ]
6 verbose read json D:\Projekte\eSoccer\src\dcodeIO\ByteBuffer\package.json
7 verbose cache add [ '.', null ]
8 silly cache add name=undefined spec="." args=[".",null]
9 verbose parsed url { pathname: '.', path: '.', href: '.' }
10 silly lockFile 3a52ce78- .
11 verbose lock . C:\Users\Daniel\AppData\Roaming\npm-cache\3a52ce78-.lock
12 verbose read json package.json
13 verbose tar pack [ 'C:\\Users\\Daniel\\AppData\\Local\\Temp\\npm-10372\\1361915790337-0.7032381072640419\\tmp.tgz',
13 verbose tar pack   '.' ]
14 verbose tarball C:\Users\Daniel\AppData\Local\Temp\npm-10372\1361915790337-0.7032381072640419\tmp.tgz
15 verbose folder .
16 info prepublish bytebuffer@0.0.0
17 silly lockFile c4103c79-90337-0-7032381072640419-tmp-tgz C:\Users\Daniel\AppData\Local\Temp\npm-10372\1361915790337-0.7032381072640419\tmp.tgz
18 verbose lock C:\Users\Daniel\AppData\Local\Temp\npm-10372\1361915790337-0.7032381072640419\tmp.tgz C:\Users\Daniel\AppData\Roaming\npm-cache\c4103c79-90337-0-7032381072640419-tmp-tgz.lock
19 silly lockFile c4103c79-90337-0-7032381072640419-tmp-tgz C:\Users\Daniel\AppData\Local\Temp\npm-10372\1361915790337-0.7032381072640419\tmp.tgz
20 verbose tar unpack C:\Users\Daniel\AppData\Local\Temp\npm-10372\1361915790337-0.7032381072640419\tmp.tgz
21 silly lockFile 6032199a-90337-0-7032381072640419-package C:\Users\Daniel\AppData\Local\Temp\npm-10372\1361915790337-0.7032381072640419\package
22 verbose lock C:\Users\Daniel\AppData\Local\Temp\npm-10372\1361915790337-0.7032381072640419\package C:\Users\Daniel\AppData\Roaming\npm-cache\6032199a-90337-0-7032381072640419-package.lock
23 silly gunzTarPerm modes [ '755', '644' ]
24 silly gunzTarPerm extractEntry package.json
25 silly gunzTarPerm modified mode [ 'package.json', 438, 420 ]
26 silly gunzTarPerm extractEntry README.md
27 silly gunzTarPerm modified mode [ 'README.md', 438, 420 ]
28 silly gunzTarPerm extractEntry LICENSE
29 silly gunzTarPerm modified mode [ 'LICENSE', 438, 420 ]
30 silly gunzTarPerm extractEntry ByteBuffer.js
31 silly gunzTarPerm modified mode [ 'ByteBuffer.js', 438, 420 ]
32 silly gunzTarPerm extractEntry examples/node-ByteBuffer.js
33 silly gunzTarPerm modified mode [ 'examples/node-ByteBuffer.js', 438, 420 ]
34 silly gunzTarPerm extractEntry NOTICE
35 silly gunzTarPerm modified mode [ 'NOTICE', 438, 420 ]
36 verbose read json C:\Users\Daniel\AppData\Local\Temp\npm-10372\1361915790337-0.7032381072640419\package\package.json
37 silly lockFile 6032199a-90337-0-7032381072640419-package C:\Users\Daniel\AppData\Local\Temp\npm-10372\1361915790337-0.7032381072640419\package
38 verbose from cache C:\Users\Daniel\AppData\Local\Temp\npm-10372\1361915790337-0.7032381072640419\package\package.json
39 verbose tar pack [ 'C:\\Users\\Daniel\\AppData\\Roaming\\npm-cache\\bytebuffer\\0.0.0\\package.tgz',
39 verbose tar pack   'C:\\Users\\Daniel\\AppData\\Local\\Temp\\npm-10372\\1361915790337-0.7032381072640419\\package' ]
40 verbose tarball C:\Users\Daniel\AppData\Roaming\npm-cache\bytebuffer\0.0.0\package.tgz
41 verbose folder C:\Users\Daniel\AppData\Local\Temp\npm-10372\1361915790337-0.7032381072640419\package
42 silly lockFile 653e8ae5-che-bytebuffer-0-0-0-package-tgz C:\Users\Daniel\AppData\Roaming\npm-cache\bytebuffer\0.0.0\package.tgz
43 verbose lock C:\Users\Daniel\AppData\Roaming\npm-cache\bytebuffer\0.0.0\package.tgz C:\Users\Daniel\AppData\Roaming\npm-cache\653e8ae5-che-bytebuffer-0-0-0-package-tgz.lock
44 silly lockFile 653e8ae5-che-bytebuffer-0-0-0-package-tgz C:\Users\Daniel\AppData\Roaming\npm-cache\bytebuffer\0.0.0\package.tgz
45 silly lockFile a0e6b349-m-cache-bytebuffer-0-0-0-package C:\Users\Daniel\AppData\Roaming\npm-cache\bytebuffer\0.0.0\package
46 verbose lock C:\Users\Daniel\AppData\Roaming\npm-cache\bytebuffer\0.0.0\package C:\Users\Daniel\AppData\Roaming\npm-cache\a0e6b349-m-cache-bytebuffer-0-0-0-package.lock
47 silly lockFile a0e6b349-m-cache-bytebuffer-0-0-0-package C:\Users\Daniel\AppData\Roaming\npm-cache\bytebuffer\0.0.0\package
48 verbose tar unpack C:\Users\Daniel\AppData\Roaming\npm-cache\bytebuffer\0.0.0\package.tgz
49 silly lockFile a0e6b349-m-cache-bytebuffer-0-0-0-package C:\Users\Daniel\AppData\Roaming\npm-cache\bytebuffer\0.0.0\package
50 verbose lock C:\Users\Daniel\AppData\Roaming\npm-cache\bytebuffer\0.0.0\package C:\Users\Daniel\AppData\Roaming\npm-cache\a0e6b349-m-cache-bytebuffer-0-0-0-package.lock
51 silly gunzTarPerm modes [ '755', '644' ]
52 silly gunzTarPerm extractEntry package.json
53 silly gunzTarPerm modified mode [ 'package.json', 438, 420 ]
54 silly gunzTarPerm extractEntry README.md
55 silly gunzTarPerm modified mode [ 'README.md', 438, 420 ]
56 silly gunzTarPerm extractEntry LICENSE
57 silly gunzTarPerm modified mode [ 'LICENSE', 438, 420 ]
58 silly gunzTarPerm extractEntry ByteBuffer.js
59 silly gunzTarPerm modified mode [ 'ByteBuffer.js', 438, 420 ]
60 silly gunzTarPerm extractEntry examples/node-ByteBuffer.js
61 silly gunzTarPerm modified mode [ 'examples/node-ByteBuffer.js', 438, 420 ]
62 silly gunzTarPerm extractEntry NOTICE
63 silly gunzTarPerm modified mode [ 'NOTICE', 438, 420 ]
64 verbose read json C:\Users\Daniel\AppData\Roaming\npm-cache\bytebuffer\0.0.0\package\package.json
65 silly lockFile a0e6b349-m-cache-bytebuffer-0-0-0-package C:\Users\Daniel\AppData\Roaming\npm-cache\bytebuffer\0.0.0\package
66 silly shasum updated bytes 9141
67 info shasum 8e86fab353db118143f24eec3b6af83746093508
67 info shasum C:\Users\Daniel\AppData\Roaming\npm-cache\bytebuffer\0.0.0\package.tgz
68 verbose from cache C:\Users\Daniel\AppData\Roaming\npm-cache\bytebuffer\0.0.0\package\package.json
69 verbose chmod C:\Users\Daniel\AppData\Roaming\npm-cache\bytebuffer\0.0.0\package.tgz 644
70 silly chown skipping for windows C:\Users\Daniel\AppData\Roaming\npm-cache\bytebuffer\0.0.0\package.tgz
71 silly lockFile 3a52ce78- .
72 silly publish { name: 'bytebuffer',
72 silly publish   version: '0.0.0',
72 silly publish   author: { name: 'Daniel Wirtz', email: 'dcode@dcode.io' },
72 silly publish   description: 'A Java-like ByteBuffer implementation using typed arrays.',
72 silly publish   contributors: [ { name: 'Daniel Wirtz', email: 'dcode@dcode.io' } ],
72 silly publish   main: 'ByteBuffer.js',
72 silly publish   repository:
72 silly publish    { type: 'git',
72 silly publish      url: 'https://github.com/dcodeIO/ByteBuffer.js.git' },
72 silly publish   keywords: [ 'net', 'buffer' ],
72 silly publish   dependencies: {},
72 silly publish   license: 'Apache License, Version 2.0',
72 silly publish   engines: { node: '>=0.6' },
72 silly publish   readme: 'ByteBuffer.js - A Java-like ByteBuffer\r\n======================================\r\nThis is a first, entirely untested release. It has not been used in any way, yet. However, it will become stable as\r\nsoon as it will be used for the cross-platform multiplayer component in [eSoccer](http://www.esoccer.me), a HTML5 game\r\ndeveloped at [University of Applied Sciences Bonn](http://www.h-brs.de).\r\n\r\nTill then, don\'t use it! :-)\r\n\r\nLicense\r\n-------\r\nApache License, Version 2.0 - http://www.apache.org/licenses/LICENSE-2.0.html',
72 silly publish   readmeFilename: 'README.md',
72 silly publish   _id: 'bytebuffer@0.0.0',
72 silly publish   dist: { shasum: '8e86fab353db118143f24eec3b6af83746093508' } }
73 verbose url raw bytebuffer
74 verbose url resolving [ 'https://registry.npmjs.org/', './bytebuffer' ]
75 verbose url resolved https://registry.npmjs.org/bytebuffer
76 info trying registry request attempt 1 at 22:56:30
77 http PUT https://registry.npmjs.org/bytebuffer
78 http 409 https://registry.npmjs.org/bytebuffer
79 verbose url raw bytebuffer
80 verbose url resolving [ 'https://registry.npmjs.org/', './bytebuffer' ]
81 verbose url resolved https://registry.npmjs.org/bytebuffer
82 info trying registry request attempt 1 at 22:56:31
83 http GET https://registry.npmjs.org/bytebuffer
84 http 200 https://registry.npmjs.org/bytebuffer
85 error publish fail Cannot publish over existing version.
85 error publish fail Bump the 'version' field, set the --force flag, or
85 error publish fail     npm unpublish 'bytebuffer@0.0.0'
85 error publish fail and try again
86 error System Windows_NT 6.2.9200
87 error command "C:\\Program Files\\nodejs\\\\node.exe" "C:\\Program Files\\nodejs\\node_modules\\npm\\bin\\npm-cli.js" "publish" "."
88 error cwd D:\Projekte\eSoccer\src\dcodeIO\ByteBuffer
89 error node -v v0.8.17
90 error npm -v 1.2.0
91 error code EPUBLISHCONFLICT
92 verbose exit [ 1, true ]
